<?xml version="1.0" encoding="UTF-8"?>
<!-- Generated by org.testng.reporters.JUnitReportReporter -->
<testsuite hostname="iDeliver7" name="com.Demoqa.Events" tests="1" failures="0" timestamp="6 Dec 2017 13:23:27 GMT" time="28.385" errors="0">
  <testcase name="Mouse_Event" time="28.385" classname="com.Demoqa.Events"/>
</testsuite> <!-- com.Demoqa.Events -->
