<?xml version="1.0" encoding="UTF-8"?>
<!-- Generated by org.testng.reporters.JUnitReportReporter -->
<testsuite hostname="iDeliver7" name="com.Demoqa.Display_Grid" tests="1" failures="0" timestamp="14 Dec 2017 16:31:44 GMT" time="85.999" errors="0">
  <testcase name="Run" time="85.999" classname="com.Demoqa.Display_Grid"/>
</testsuite> <!-- com.Demoqa.Display_Grid -->
