<?xml version="1.0" encoding="UTF-8"?>
<!-- Generated by org.testng.reporters.JUnitReportReporter -->
<testsuite hostname="iDeliver7" name="sourabh.drop1" tests="1" failures="0" timestamp="12 Dec 2017 12:16:57 GMT" time="15.527" errors="0">
  <testcase name="run" time="15.527" classname="sourabh.drop1"/>
</testsuite> <!-- sourabh.drop1 -->
