<?xml version="1.0" encoding="UTF-8"?>
<!-- Generated by org.testng.reporters.JUnitReportReporter -->
<testsuite hostname="iDeliver7" name="com.Demoqa.Contrain_Movement" tests="1" failures="0" timestamp="4 Dec 2017 14:58:25 GMT" time="27.270" errors="0">
  <testcase name="Mouse" time="27.270" classname="com.Demoqa.Contrain_Movement"/>
</testsuite> <!-- com.Demoqa.Contrain_Movement -->
